<?xml version="1.0" encoding="UTF-8"?>
<!-- Generated by org.testng.reporters.JUnitReportReporter -->
<testsuite hostname="LAPTOP-2804QP28" failures="0" tests="3" name="org.qa.IspeakBetter.tests.HomePageTest" time="69.999" errors="0" timestamp="2021-03-05T22:16:42 GMT" skipped="0">
  <testcase classname="org.qa.IspeakBetter.tests.HomePageTest" name="veryfyHomePageTitle" time="18.700"/>
  <system-out/>
  <testcase classname="org.qa.IspeakBetter.tests.HomePageTest" name="veryfyClcikOnShowBtn" time="25.564"/>
  <system-out/>
  <testcase classname="org.qa.IspeakBetter.tests.HomePageTest" name="veryfyEnterWordBtn" time="25.735"/>
  <system-out/>
</testsuite> <!-- org.qa.IspeakBetter.tests.HomePageTest -->
