<?xml version="1.0" encoding="UTF-8"?>
<!-- Generated by org.testng.reporters.JUnitReportReporter -->
<testsuite hostname="LAPTOP-2804QP28" failures="0" tests="4" name="org.qa.IspeakBetter.tests.LoginPageTest" time="68.390" errors="0" timestamp="2021-03-05T22:24:22 GMT" skipped="0">
  <testcase classname="org.qa.IspeakBetter.tests.LoginPageTest" name="veryfyLoginPageTitle" time="14.012"/>
  <system-out/>
  <testcase classname="org.qa.IspeakBetter.tests.LoginPageTest" name="veryfyLoginPageHeader" time="14.375"/>
  <system-out/>
  <testcase classname="org.qa.IspeakBetter.tests.LoginPageTest" name="loginTest1" time="19.863"/>
  <system-out/>
  <testcase classname="org.qa.IspeakBetter.tests.LoginPageTest" name="loginTest2" time="20.140"/>
  <system-out/>
</testsuite> <!-- org.qa.IspeakBetter.tests.LoginPageTest -->
